Using pre-set license
Built from '2021.3/staging' branch; Version is '2021.3.8f1 (b30333d56e81) revision 11731763'; Using compiler version '192829333'; Build Type 'Release'
OS: 'Windows 11  (10.0.22000) 64bit Professional' Language: 'en' Physical Memory: 16176 MB
BatchMode: 1, IsHumanControllingUs: 0, StartBugReporterOnCrash: 0, Is64bit: 1, IsPro: 1

COMMAND LINE ARGUMENTS:
C:\Program Files\Unity\Hub\Editor\2021.3.8f1\Editor\Unity.exe
-adb2
-batchMode
-noUpm
-name
AssetImportWorker2
-projectPath
C:/Users/micha/XRDevelopment/Assignment2
-logFile
Logs/AssetImportWorker2.log
-srvPort
49889
Successfully changed project path to: C:/Users/micha/XRDevelopment/Assignment2
C:/Users/micha/XRDevelopment/Assignment2
[UnityMemory] Configuration Parameters - Can be set up in boot.config
    "memorysetup-bucket-allocator-granularity=16"
    "memorysetup-bucket-allocator-bucket-count=8"
    "memorysetup-bucket-allocator-block-size=33554432"
    "memorysetup-bucket-allocator-block-count=8"
    "memorysetup-main-allocator-block-size=16777216"
    "memorysetup-thread-allocator-block-size=16777216"
    "memorysetup-gfx-main-allocator-block-size=16777216"
    "memorysetup-gfx-thread-allocator-block-size=16777216"
    "memorysetup-cache-allocator-block-size=4194304"
    "memorysetup-typetree-allocator-block-size=2097152"
    "memorysetup-profiler-bucket-allocator-granularity=16"
    "memorysetup-profiler-bucket-allocator-bucket-count=8"
    "memorysetup-profiler-bucket-allocator-block-size=33554432"
    "memorysetup-profiler-bucket-allocator-block-count=8"
    "memorysetup-profiler-allocator-block-size=16777216"
    "memorysetup-profiler-editor-allocator-block-size=1048576"
    "memorysetup-temp-allocator-size-main=16777216"
    "memorysetup-job-temp-allocator-block-size=2097152"
    "memorysetup-job-temp-allocator-block-size-background=1048576"
    "memorysetup-job-temp-allocator-reduction-small-platforms=262144"
    "memorysetup-temp-allocator-size-background-worker=32768"
    "memorysetup-temp-allocator-size-job-worker=262144"
    "memorysetup-temp-allocator-size-preload-manager=33554432"
    "memorysetup-temp-allocator-size-nav-mesh-worker=65536"
    "memorysetup-temp-allocator-size-audio-worker=65536"
    "memorysetup-temp-allocator-size-cloud-worker=32768"
    "memorysetup-temp-allocator-size-gi-baking-worker=262144"
    "memorysetup-temp-allocator-size-gfx=262144"
Refreshing native plugins compatible for Editor in 268.99 ms, found 9 plugins.
Preloading 0 native plugins for Editor in 0.00 ms.
Initialize engine version: 2021.3.8f1 (b30333d56e81)
[Subsystems] Discovering subsystems at path C:/Program Files/Unity/Hub/Editor/2021.3.8f1/Editor/Data/Resources/UnitySubsystems
[Subsystems] Discovering subsystems at path C:/Users/micha/XRDevelopment/Assignment2/Assets
GfxDevice: creating device client; threaded=0; jobified=0
Direct3D:
    Version:  Direct3D 11.0 [level 11.1]
    Renderer: NVIDIA Quadro P600 (ID=0x1cbc)
    Vendor:   NVIDIA
    VRAM:     4024 MB
    Driver:   30.0.15.1236
Initialize mono
Mono path[0] = 'C:/Program Files/Unity/Hub/Editor/2021.3.8f1/Editor/Data/Managed'
Mono path[1] = 'C:/Program Files/Unity/Hub/Editor/2021.3.8f1/Editor/Data/MonoBleedingEdge/lib/mono/unityjit-win32'
Mono config path = 'C:/Program Files/Unity/Hub/Editor/2021.3.8f1/Editor/Data/MonoBleedingEdge/etc'
Using monoOptions --debugger-agent=transport=dt_socket,embedding=1,server=y,suspend=n,address=127.0.0.1:56236
Begin MonoManager ReloadAssembly
Registering precompiled unity dll's ...
Register platform support module: C:/Program Files/Unity/Hub/Editor/2021.3.8f1/Editor/Data/PlaybackEngines/WebGLSupport/UnityEditor.WebGL.Extensions.dll
Register platform support module: C:/Program Files/Unity/Hub/Editor/2021.3.8f1/Editor/Data/PlaybackEngines/AndroidPlayer/UnityEditor.Android.Extensions.dll
Register platform support module: C:/Program Files/Unity/Hub/Editor/2021.3.8f1/Editor/Data/PlaybackEngines/WindowsStandaloneSupport/UnityEditor.WindowsStandalone.Extensions.dll
Registered in 0.009989 seconds.
Native extension for WindowsStandalone target not found
Native extension for Android target not found
Native extension for WebGL target not found
Refreshing native plugins compatible for Editor in 101.47 ms, found 9 plugins.
Preloading 0 native plugins for Editor in 0.00 ms.
Mono: successfully reloaded assembly
- Completed reload, in  0.808 seconds
Domain Reload Profiling:
	ReloadAssembly (808ms)
		BeginReloadAssembly (116ms)
			ExecutionOrderSort (0ms)
			DisableScriptedObjects (0ms)
			BackupInstance (0ms)
			ReleaseScriptingObjects (0ms)
			CreateAndSetChildDomain (1ms)
		EndReloadAssembly (583ms)
			LoadAssemblies (116ms)
			RebuildTransferFunctionScriptingTraits (0ms)
			SetupTypeCache (187ms)
			ReleaseScriptCaches (0ms)
			RebuildScriptCaches (31ms)
			SetupLoadedEditorAssemblies (308ms)
				LogAssemblyErrors (0ms)
				InitializePlatformSupportModulesInManaged (64ms)
				SetLoadedEditorAssemblies (0ms)
				RefreshPlugins (102ms)
				BeforeProcessingInitializeOnLoad (1ms)
				ProcessInitializeOnLoadAttributes (93ms)
				ProcessInitializeOnLoadMethodAttributes (49ms)
				AfterProcessingInitializeOnLoad (0ms)
				EditorAssembliesLoaded (0ms)
			ExecutionOrderSort2 (0ms)
			AwakeInstancesAfterBackupRestoration (0ms)
Platform modules already initialized, skipping
Registering precompiled user dll's ...
Registered in 0.011408 seconds.
Begin MonoManager ReloadAssembly
Symbol file LoadedFromMemory doesn't match image C:\Users\micha\XRDevelopment\Assignment2\Library\PackageCache\com.unity.visualscripting@1.7.8\Editor\VisualScripting.Core\Dependencies\DotNetZip\Unity.VisualScripting.IonicZip.dll
Symbol file LoadedFromMemory doesn't match image C:\Users\micha\XRDevelopment\Assignment2\Library\PackageCache\com.unity.visualscripting@1.7.8\Editor\VisualScripting.Core\Dependencies\YamlDotNet\Unity.VisualScripting.YamlDotNet.dll
Native extension for WindowsStandalone target not found
Native extension for Android target not found
Native extension for WebGL target not found
Refreshing native plugins compatible for Editor in 97.89 ms, found 9 plugins.
Preloading 0 native plugins for Editor in 0.00 ms.
Package Manager log level set to [2]
Mono: successfully reloaded assembly
- Completed reload, in  1.518 seconds
Domain Reload Profiling:
	ReloadAssembly (1518ms)
		BeginReloadAssembly (221ms)
			ExecutionOrderSort (0ms)
			DisableScriptedObjects (6ms)
			BackupInstance (0ms)
			ReleaseScriptingObjects (0ms)
			CreateAndSetChildDomain (131ms)
		EndReloadAssembly (1186ms)
			LoadAssemblies (180ms)
			RebuildTransferFunctionScriptingTraits (0ms)
			SetupTypeCache (360ms)
			ReleaseScriptCaches (1ms)
			RebuildScriptCaches (57ms)
			SetupLoadedEditorAssemblies (542ms)
				LogAssemblyErrors (0ms)
				InitializePlatformSupportModulesInManaged (12ms)
				SetLoadedEditorAssemblies (0ms)
				RefreshPlugins (98ms)
				BeforeProcessingInitializeOnLoad (116ms)
				ProcessInitializeOnLoadAttributes (281ms)
				ProcessInitializeOnLoadMethodAttributes (28ms)
				AfterProcessingInitializeOnLoad (6ms)
				EditorAssembliesLoaded (0ms)
			ExecutionOrderSort2 (0ms)
			AwakeInstancesAfterBackupRestoration (8ms)
Platform modules already initialized, skipping
========================================================================
Worker process is ready to serve import requests
Launched and connected shader compiler UnityShaderCompiler.exe after 0.05 seconds
Refreshing native plugins compatible for Editor in 0.89 ms, found 9 plugins.
Preloading 0 native plugins for Editor in 0.00 ms.
Unloading 4555 Unused Serialized files (Serialized files now loaded: 0)
Unloading 50 unused Assets / (142.8 KB). Loaded Objects now: 4997.
Memory consumption went from 157.6 MB to 157.4 MB.
Total: 4.245700 ms (FindLiveObjects: 0.396900 ms CreateObjectMapping: 0.312600 ms MarkObjects: 3.399300 ms  DeleteObjects: 0.135900 ms)

AssetImportParameters requested are different than current active one (requested -> active):
  custom:video-decoder-ogg-theora: a1e56fd34408186e4bbccfd4996cb3dc -> 
  custom:container-muxer-webm: aa71ff27fc2769a1b78a27578f13a17b -> 
  custom:container-demuxer-webm: 4f35f7cbe854078d1ac9338744f61a02 -> 
  custom:video-encoder-webm-vp8: eb34c28f22e8b96e1ab97ce403110664 -> 
  custom:video-codec-MediaFoundation-h265: 746d11721c4dcdbdad8f713fa42b33f4 -> 
  custom:audio-encoder-webm-vorbis: bf7c407c2cedff20999df2af8eb42d56 -> 
  custom:framework-win-MediaFoundation: 216162199b28c13a410421893ffa2e32 -> 
  custom:container-demuxer-ogg: 62fdf1f143b41e24485cea50d1cbac27 -> 
  custom:video-decoder-webm-vp8: 9c59270c3fd7afecdb556c50c9e8de78 -> 
  custom:audio-decoder-ogg-vorbis: bf7c407c2cedff20999df2af8eb42d56 -> 
========================================================================
Received Import Request.
  Time since last request: 3956.890152 seconds.
  path: Assets/Cube.prefab
  artifactKey: Guid(4c86c20e957d89b4ca11253beb0250c6) Importer(815301076,1909f56bfc062723c751e8b465ee728b)
Start importing Assets/Cube.prefab using Guid(4c86c20e957d89b4ca11253beb0250c6) Importer(815301076,1909f56bfc062723c751e8b465ee728b)  -> (artifact id: '9348421fe364f274b15fe2b7a8e9c476') in 0.112967 seconds 
========================================================================
Received Prepare
Refreshing native plugins compatible for Editor in 11.71 ms, found 9 plugins.
Preloading 0 native plugins for Editor in 0.00 ms.
Unloading 40 Unused Serialized files (Serialized files now loaded: 0)
Unloading 40 unused Assets / (107.6 KB). Loaded Objects now: 5007.
Memory consumption went from 70.2 MB to 70.1 MB.
Total: 4.099400 ms (FindLiveObjects: 0.387500 ms CreateObjectMapping: 0.313300 ms MarkObjects: 3.294000 ms  DeleteObjects: 0.103700 ms)

AssetImportParameters requested are different than current active one (requested -> active):
  custom:video-decoder-ogg-theora: a1e56fd34408186e4bbccfd4996cb3dc -> 
  custom:container-muxer-webm: aa71ff27fc2769a1b78a27578f13a17b -> 
  custom:container-demuxer-webm: 4f35f7cbe854078d1ac9338744f61a02 -> 
  custom:video-encoder-webm-vp8: eb34c28f22e8b96e1ab97ce403110664 -> 
  custom:video-codec-MediaFoundation-h265: 746d11721c4dcdbdad8f713fa42b33f4 -> 
  custom:audio-encoder-webm-vorbis: bf7c407c2cedff20999df2af8eb42d56 -> 
  custom:framework-win-MediaFoundation: 216162199b28c13a410421893ffa2e32 -> 
  custom:container-demuxer-ogg: 62fdf1f143b41e24485cea50d1cbac27 -> 
  custom:video-decoder-webm-vp8: 9c59270c3fd7afecdb556c50c9e8de78 -> 
  custom:audio-decoder-ogg-vorbis: bf7c407c2cedff20999df2af8eb42d56 -> 
========================================================================
Received Import Request.
  Time since last request: 163.579230 seconds.
  path: Assets/AR Default Plane.prefab
  artifactKey: Guid(d3813db561f9dcd4f914a3aba760f0b4) Importer(815301076,1909f56bfc062723c751e8b465ee728b)
Start importing Assets/AR Default Plane.prefab using Guid(d3813db561f9dcd4f914a3aba760f0b4) Importer(815301076,1909f56bfc062723c751e8b465ee728b)  -> (artifact id: '108a8dddafb2ab2a1faeb94ed9f9d1d3') in 0.020699 seconds 
========================================================================
Received Import Request.
  Time since last request: 10.927415 seconds.
  path: Assets/ExampleAssets/Prefabs/ARPlane.prefab
  artifactKey: Guid(3738bd65ede154463b2c35064b9e5fdb) Importer(815301076,1909f56bfc062723c751e8b465ee728b)
Start importing Assets/ExampleAssets/Prefabs/ARPlane.prefab using Guid(3738bd65ede154463b2c35064b9e5fdb) Importer(815301076,1909f56bfc062723c751e8b465ee728b)  -> (artifact id: 'cac431e1f9b9b7900d97601ae80a24cc') in 0.011293 seconds 
========================================================================
Received Prepare
Refreshing native plugins compatible for Editor in 10.84 ms, found 9 plugins.
Preloading 0 native plugins for Editor in 0.00 ms.
Unloading 40 Unused Serialized files (Serialized files now loaded: 0)
Unloading 42 unused Assets / (132.5 KB). Loaded Objects now: 5007.
Memory consumption went from 70.3 MB to 70.1 MB.
Total: 4.240500 ms (FindLiveObjects: 0.406100 ms CreateObjectMapping: 0.306600 ms MarkObjects: 3.391200 ms  DeleteObjects: 0.135700 ms)

AssetImportParameters requested are different than current active one (requested -> active):
  custom:video-decoder-ogg-theora: a1e56fd34408186e4bbccfd4996cb3dc -> 
  custom:container-muxer-webm: aa71ff27fc2769a1b78a27578f13a17b -> 
  custom:container-demuxer-webm: 4f35f7cbe854078d1ac9338744f61a02 -> 
  custom:video-encoder-webm-vp8: eb34c28f22e8b96e1ab97ce403110664 -> 
  custom:video-codec-MediaFoundation-h265: 746d11721c4dcdbdad8f713fa42b33f4 -> 
  custom:audio-encoder-webm-vorbis: bf7c407c2cedff20999df2af8eb42d56 -> 
  custom:framework-win-MediaFoundation: 216162199b28c13a410421893ffa2e32 -> 
  custom:container-demuxer-ogg: 62fdf1f143b41e24485cea50d1cbac27 -> 
  custom:video-decoder-webm-vp8: 9c59270c3fd7afecdb556c50c9e8de78 -> 
  custom:audio-decoder-ogg-vorbis: bf7c407c2cedff20999df2af8eb42d56 -> 
========================================================================
Received Import Request.
  Time since last request: 406.629638 seconds.
  path: Assets/Clipboard/Meshes/ClipBoard.fbx
  artifactKey: Guid(da1d9f4dc2a121747a3c82d392f61812) Importer(815301076,1909f56bfc062723c751e8b465ee728b)
Start importing Assets/Clipboard/Meshes/ClipBoard.fbx using Guid(da1d9f4dc2a121747a3c82d392f61812) Importer(815301076,1909f56bfc062723c751e8b465ee728b)  -> (artifact id: '8bf563be05e57d0ce54e2e0d239f1959') in 0.193488 seconds 
========================================================================
Received Import Request.
  Time since last request: 12.627632 seconds.
  path: Assets/AR Default Point Cloud.prefab
  artifactKey: Guid(29705f01e365da74b8ae38a1eee77728) Importer(815301076,1909f56bfc062723c751e8b465ee728b)
Start importing Assets/AR Default Point Cloud.prefab using Guid(29705f01e365da74b8ae38a1eee77728) Importer(815301076,1909f56bfc062723c751e8b465ee728b)  -> (artifact id: '81fc3a8ae7348bab6fea5b19ac12ba97') in 0.059491 seconds 
========================================================================
Received Prepare
Refreshing native plugins compatible for Editor in 11.19 ms, found 9 plugins.
Preloading 0 native plugins for Editor in 0.00 ms.
Unloading 40 Unused Serialized files (Serialized files now loaded: 0)
Unloading 42 unused Assets / (108.8 KB). Loaded Objects now: 5044.
Memory consumption went from 70.9 MB to 70.8 MB.
Total: 4.961100 ms (FindLiveObjects: 0.410600 ms CreateObjectMapping: 0.298100 ms MarkObjects: 4.064900 ms  DeleteObjects: 0.186800 ms)

AssetImportParameters requested are different than current active one (requested -> active):
  custom:video-decoder-ogg-theora: a1e56fd34408186e4bbccfd4996cb3dc -> 
  custom:container-muxer-webm: aa71ff27fc2769a1b78a27578f13a17b -> 
  custom:container-demuxer-webm: 4f35f7cbe854078d1ac9338744f61a02 -> 
  custom:video-encoder-webm-vp8: eb34c28f22e8b96e1ab97ce403110664 -> 
  custom:video-codec-MediaFoundation-h265: 746d11721c4dcdbdad8f713fa42b33f4 -> 
  custom:audio-encoder-webm-vorbis: bf7c407c2cedff20999df2af8eb42d56 -> 
  custom:framework-win-MediaFoundation: 216162199b28c13a410421893ffa2e32 -> 
  custom:container-demuxer-ogg: 62fdf1f143b41e24485cea50d1cbac27 -> 
  custom:video-decoder-webm-vp8: 9c59270c3fd7afecdb556c50c9e8de78 -> 
  custom:audio-decoder-ogg-vorbis: bf7c407c2cedff20999df2af8eb42d56 -> 
========================================================================
Received Prepare
Registering precompiled user dll's ...
Registered in 0.011211 seconds.
Begin MonoManager ReloadAssembly
Symbol file LoadedFromMemory doesn't match image C:\Users\micha\XRDevelopment\Assignment2\Library\PackageCache\com.unity.visualscripting@1.7.8\Editor\VisualScripting.Core\Dependencies\DotNetZip\Unity.VisualScripting.IonicZip.dll
Symbol file LoadedFromMemory doesn't match image C:\Users\micha\XRDevelopment\Assignment2\Library\PackageCache\com.unity.visualscripting@1.7.8\Editor\VisualScripting.Core\Dependencies\YamlDotNet\Unity.VisualScripting.YamlDotNet.dll
Native extension for WindowsStandalone target not found
Native extension for Android target not found
Native extension for WebGL target not found
Refreshing native plugins compatible for Editor in 0.91 ms, found 9 plugins.
Preloading 0 native plugins for Editor in 0.00 ms.
Mono: successfully reloaded assembly
- Completed reload, in  1.282 seconds
Domain Reload Profiling:
	ReloadAssembly (1282ms)
		BeginReloadAssembly (198ms)
			ExecutionOrderSort (0ms)
			DisableScriptedObjects (5ms)
			BackupInstance (0ms)
			ReleaseScriptingObjects (0ms)
			CreateAndSetChildDomain (64ms)
		EndReloadAssembly (949ms)
			LoadAssemblies (116ms)
			RebuildTransferFunctionScriptingTraits (0ms)
			SetupTypeCache (310ms)
			ReleaseScriptCaches (1ms)
			RebuildScriptCaches (45ms)
			SetupLoadedEditorAssemblies (434ms)
				LogAssemblyErrors (0ms)
				InitializePlatformSupportModulesInManaged (23ms)
				SetLoadedEditorAssemblies (1ms)
				RefreshPlugins (1ms)
				BeforeProcessingInitializeOnLoad (91ms)
				ProcessInitializeOnLoadAttributes (279ms)
				ProcessInitializeOnLoadMethodAttributes (33ms)
				AfterProcessingInitializeOnLoad (6ms)
				EditorAssembliesLoaded (0ms)
			ExecutionOrderSort2 (0ms)
			AwakeInstancesAfterBackupRestoration (8ms)
Platform modules already initialized, skipping
Refreshing native plugins compatible for Editor in 5.32 ms, found 9 plugins.
Preloading 0 native plugins for Editor in 0.00 ms.
Unloading 4521 Unused Serialized files (Serialized files now loaded: 0)
Unloading 41 unused Assets / (127.1 KB). Loaded Objects now: 5046.
Memory consumption went from 160.5 MB to 160.4 MB.
Total: 3.528400 ms (FindLiveObjects: 0.329500 ms CreateObjectMapping: 0.238200 ms MarkObjects: 2.843800 ms  DeleteObjects: 0.116100 ms)

AssetImportParameters requested are different than current active one (requested -> active):
  custom:video-decoder-ogg-theora: a1e56fd34408186e4bbccfd4996cb3dc -> 
  custom:container-muxer-webm: aa71ff27fc2769a1b78a27578f13a17b -> 
  custom:container-demuxer-webm: 4f35f7cbe854078d1ac9338744f61a02 -> 
  custom:video-encoder-webm-vp8: eb34c28f22e8b96e1ab97ce403110664 -> 
  custom:video-codec-MediaFoundation-h265: 746d11721c4dcdbdad8f713fa42b33f4 -> 
  custom:audio-encoder-webm-vorbis: bf7c407c2cedff20999df2af8eb42d56 -> 
  custom:framework-win-MediaFoundation: 216162199b28c13a410421893ffa2e32 -> 
  custom:container-demuxer-ogg: 62fdf1f143b41e24485cea50d1cbac27 -> 
  custom:video-decoder-webm-vp8: 9c59270c3fd7afecdb556c50c9e8de78 -> 
  custom:audio-decoder-ogg-vorbis: bf7c407c2cedff20999df2af8eb42d56 -> 
========================================================================
Received Prepare
Registering precompiled user dll's ...
Registered in 0.013001 seconds.
Begin MonoManager ReloadAssembly
Symbol file LoadedFromMemory doesn't match image C:\Users\micha\XRDevelopment\Assignment2\Library\PackageCache\com.unity.visualscripting@1.7.8\Editor\VisualScripting.Core\Dependencies\DotNetZip\Unity.VisualScripting.IonicZip.dll
Symbol file LoadedFromMemory doesn't match image C:\Users\micha\XRDevelopment\Assignment2\Library\PackageCache\com.unity.visualscripting@1.7.8\Editor\VisualScripting.Core\Dependencies\YamlDotNet\Unity.VisualScripting.YamlDotNet.dll
Native extension for WindowsStandalone target not found
Native extension for Android target not found
Native extension for WebGL target not found
Refreshing native plugins compatible for Editor in 1.42 ms, found 9 plugins.
Preloading 0 native plugins for Editor in 0.00 ms.
Mono: successfully reloaded assembly
- Completed reload, in  1.390 seconds
Domain Reload Profiling:
	ReloadAssembly (1390ms)
		BeginReloadAssembly (166ms)
			ExecutionOrderSort (0ms)
			DisableScriptedObjects (6ms)
			BackupInstance (0ms)
			ReleaseScriptingObjects (0ms)
			CreateAndSetChildDomain (51ms)
		EndReloadAssembly (1093ms)
			LoadAssemblies (115ms)
			RebuildTransferFunctionScriptingTraits (0ms)
			SetupTypeCache (387ms)
			ReleaseScriptCaches (1ms)
			RebuildScriptCaches (56ms)
			SetupLoadedEditorAssemblies (456ms)
				LogAssemblyErrors (0ms)
				InitializePlatformSupportModulesInManaged (32ms)
				SetLoadedEditorAssemblies (1ms)
				RefreshPlugins (2ms)
				BeforeProcessingInitializeOnLoad (105ms)
				ProcessInitializeOnLoadAttributes (279ms)
				ProcessInitializeOnLoadMethodAttributes (31ms)
				AfterProcessingInitializeOnLoad (6ms)
				EditorAssembliesLoaded (0ms)
			ExecutionOrderSort2 (0ms)
			AwakeInstancesAfterBackupRestoration (9ms)
Platform modules already initialized, skipping
Refreshing native plugins compatible for Editor in 5.81 ms, found 9 plugins.
Preloading 0 native plugins for Editor in 0.00 ms.
Unloading 4522 Unused Serialized files (Serialized files now loaded: 0)
Unloading 41 unused Assets / (127.1 KB). Loaded Objects now: 5050.
Memory consumption went from 160.6 MB to 160.5 MB.
Total: 3.807000 ms (FindLiveObjects: 0.335700 ms CreateObjectMapping: 0.233100 ms MarkObjects: 3.106600 ms  DeleteObjects: 0.130800 ms)

AssetImportParameters requested are different than current active one (requested -> active):
  custom:video-decoder-ogg-theora: a1e56fd34408186e4bbccfd4996cb3dc -> 
  custom:container-muxer-webm: aa71ff27fc2769a1b78a27578f13a17b -> 
  custom:container-demuxer-webm: 4f35f7cbe854078d1ac9338744f61a02 -> 
  custom:video-encoder-webm-vp8: eb34c28f22e8b96e1ab97ce403110664 -> 
  custom:video-codec-MediaFoundation-h265: 746d11721c4dcdbdad8f713fa42b33f4 -> 
  custom:audio-encoder-webm-vorbis: bf7c407c2cedff20999df2af8eb42d56 -> 
  custom:framework-win-MediaFoundation: 216162199b28c13a410421893ffa2e32 -> 
  custom:container-demuxer-ogg: 62fdf1f143b41e24485cea50d1cbac27 -> 
  custom:video-decoder-webm-vp8: 9c59270c3fd7afecdb556c50c9e8de78 -> 
  custom:audio-decoder-ogg-vorbis: bf7c407c2cedff20999df2af8eb42d56 -> 
========================================================================
Received Prepare
Refreshing native plugins compatible for Editor in 10.73 ms, found 9 plugins.
Preloading 0 native plugins for Editor in 0.00 ms.
Unloading 41 Unused Serialized files (Serialized files now loaded: 0)
Unloading 40 unused Assets / (107.8 KB). Loaded Objects now: 5051.
Memory consumption went from 70.7 MB to 70.6 MB.
Total: 4.446700 ms (FindLiveObjects: 0.338900 ms CreateObjectMapping: 0.247100 ms MarkObjects: 3.704000 ms  DeleteObjects: 0.155600 ms)

AssetImportParameters requested are different than current active one (requested -> active):
  custom:video-decoder-ogg-theora: a1e56fd34408186e4bbccfd4996cb3dc -> 
  custom:container-muxer-webm: aa71ff27fc2769a1b78a27578f13a17b -> 
  custom:container-demuxer-webm: 4f35f7cbe854078d1ac9338744f61a02 -> 
  custom:video-encoder-webm-vp8: eb34c28f22e8b96e1ab97ce403110664 -> 
  custom:video-codec-MediaFoundation-h265: 746d11721c4dcdbdad8f713fa42b33f4 -> 
  custom:audio-encoder-webm-vorbis: bf7c407c2cedff20999df2af8eb42d56 -> 
  custom:framework-win-MediaFoundation: 216162199b28c13a410421893ffa2e32 -> 
  custom:container-demuxer-ogg: 62fdf1f143b41e24485cea50d1cbac27 -> 
  custom:video-decoder-webm-vp8: 9c59270c3fd7afecdb556c50c9e8de78 -> 
  custom:audio-decoder-ogg-vorbis: bf7c407c2cedff20999df2af8eb42d56 -> 
========================================================================
Received Import Request.
  Time since last request: 587.501647 seconds.
  path: Assets/XR
  artifactKey: Guid(4586d7c79a09642ee9af2018bd137cd7) Importer(815301076,1909f56bfc062723c751e8b465ee728b)
Start importing Assets/XR using Guid(4586d7c79a09642ee9af2018bd137cd7) Importer(815301076,1909f56bfc062723c751e8b465ee728b)  -> (artifact id: '024c7701ab92ffcae15043bd49362655') in 0.008837 seconds 
========================================================================
Received Import Request.
  Time since last request: 0.182069 seconds.
  path: Assets/XR/XRGeneralSettings.asset
  artifactKey: Guid(58f40b12bbc864f3c96c6505a9a1e1e3) Importer(815301076,1909f56bfc062723c751e8b465ee728b)
Start importing Assets/XR/XRGeneralSettings.asset using Guid(58f40b12bbc864f3c96c6505a9a1e1e3) Importer(815301076,1909f56bfc062723c751e8b465ee728b)  -> (artifact id: 'f7ef42eb585bd71e2d48c50fb058868e') in 0.034681 seconds 
========================================================================
Received Import Request.
  Time since last request: 8.715891 seconds.
  path: Assets/Clipboard/Prefab
  artifactKey: Guid(ba7710e372e34ed4e8e3721f1d73ead9) Importer(815301076,1909f56bfc062723c751e8b465ee728b)
Start importing Assets/Clipboard/Prefab using Guid(ba7710e372e34ed4e8e3721f1d73ead9) Importer(815301076,1909f56bfc062723c751e8b465ee728b)  -> (artifact id: '51f30963c7556898cdb54cc1a24d88cc') in 0.007967 seconds 
========================================================================
Received Import Request.
  Time since last request: 1.995059 seconds.
  path: Assets/Clipboard/Materials/Board.mat
  artifactKey: Guid(a8150700d2daa4f438927d1bf99ec003) Importer(815301076,1909f56bfc062723c751e8b465ee728b)
Start importing Assets/Clipboard/Materials/Board.mat using Guid(a8150700d2daa4f438927d1bf99ec003) Importer(815301076,1909f56bfc062723c751e8b465ee728b)  -> (artifact id: '7cdd0287829d8217f3ea953dc593d56f') in 0.123489 seconds 
========================================================================
Received Import Request.
  Time since last request: 0.000030 seconds.
  path: Assets/Clipboard/Materials/Page.mat
  artifactKey: Guid(d2b1a0950d8d7cc469059a51cc5fe134) Importer(815301076,1909f56bfc062723c751e8b465ee728b)
Start importing Assets/Clipboard/Materials/Page.mat using Guid(d2b1a0950d8d7cc469059a51cc5fe134) Importer(815301076,1909f56bfc062723c751e8b465ee728b)  -> (artifact id: '208ac7c2b8bb86811fd8d6a9b2642808') in 0.058440 seconds 
========================================================================
Received Import Request.
  Time since last request: 3.539218 seconds.
  path: Assets/Clipboard/Textures/clipboard2_board_Diffuse.png
  artifactKey: Guid(5b78a8cb0b71a2d4ab60377145a47a3a) Importer(815301076,1909f56bfc062723c751e8b465ee728b)
Start importing Assets/Clipboard/Textures/clipboard2_board_Diffuse.png using Guid(5b78a8cb0b71a2d4ab60377145a47a3a) Importer(815301076,1909f56bfc062723c751e8b465ee728b)  -> (artifact id: '16b26d27ceadcc6161e6c58b89ac8df7') in 0.086869 seconds 
========================================================================
Received Import Request.
  Time since last request: 0.000025 seconds.
  path: Assets/Clipboard/Textures/clipboard2_metal_Normal.png
  artifactKey: Guid(782ce5b7d9e1d1a44b0ce0f55432e361) Importer(815301076,1909f56bfc062723c751e8b465ee728b)
Start importing Assets/Clipboard/Textures/clipboard2_metal_Normal.png using Guid(782ce5b7d9e1d1a44b0ce0f55432e361) Importer(815301076,1909f56bfc062723c751e8b465ee728b)  -> (artifact id: 'b2082f0dc4783f677df4898fb82397fe') in 0.048523 seconds 
========================================================================
Received Import Request.
  Time since last request: 0.000039 seconds.
  path: Assets/Clipboard/Textures/clipboard2_metal_MetallicSmoothness.png
  artifactKey: Guid(49b5b49d1384a464c91b0d1a81fcbdc8) Importer(815301076,1909f56bfc062723c751e8b465ee728b)
Start importing Assets/Clipboard/Textures/clipboard2_metal_MetallicSmoothness.png using Guid(49b5b49d1384a464c91b0d1a81fcbdc8) Importer(815301076,1909f56bfc062723c751e8b465ee728b)  -> (artifact id: '5ed4d2a98f82a3c84f2b4b604782bad5') in 0.049008 seconds 
========================================================================
Received Import Request.
  Time since last request: 44.108665 seconds.
  path: Assets/ExampleAssets/Prefabs
  artifactKey: Guid(652960599d8c4485a9ae38409999891a) Importer(815301076,1909f56bfc062723c751e8b465ee728b)
Start importing Assets/ExampleAssets/Prefabs using Guid(652960599d8c4485a9ae38409999891a) Importer(815301076,1909f56bfc062723c751e8b465ee728b)  -> (artifact id: '87ecc5aa482c03f1beb06c6b3401dfc7') in 0.008449 seconds 
========================================================================
Received Import Request.
  Time since last request: 5.429166 seconds.
  path: Assets/HistoryPrefabs
  artifactKey: Guid(c2bdff5ff86269c4cadb8560b0412e9d) Importer(815301076,1909f56bfc062723c751e8b465ee728b)
Start importing Assets/HistoryPrefabs using Guid(c2bdff5ff86269c4cadb8560b0412e9d) Importer(815301076,1909f56bfc062723c751e8b465ee728b)  -> (artifact id: '5a4a6f324fc0b91df1864ad47aafd132') in 0.008583 seconds 
========================================================================
Received Prepare
Refreshing native plugins compatible for Editor in 14.85 ms, found 9 plugins.
Preloading 0 native plugins for Editor in 0.00 ms.
Unloading 40 Unused Serialized files (Serialized files now loaded: 0)
Unloading 40 unused Assets / (107.7 KB). Loaded Objects now: 5055.
Memory consumption went from 70.9 MB to 70.8 MB.
Total: 6.365600 ms (FindLiveObjects: 0.494000 ms CreateObjectMapping: 0.597200 ms MarkObjects: 4.922800 ms  DeleteObjects: 0.350400 ms)

AssetImportParameters requested are different than current active one (requested -> active):
  custom:video-decoder-ogg-theora: a1e56fd34408186e4bbccfd4996cb3dc -> 
  custom:container-muxer-webm: aa71ff27fc2769a1b78a27578f13a17b -> 
  custom:container-demuxer-webm: 4f35f7cbe854078d1ac9338744f61a02 -> 
  custom:video-encoder-webm-vp8: eb34c28f22e8b96e1ab97ce403110664 -> 
  custom:video-codec-MediaFoundation-h265: 746d11721c4dcdbdad8f713fa42b33f4 -> 
  custom:audio-encoder-webm-vorbis: bf7c407c2cedff20999df2af8eb42d56 -> 
  custom:framework-win-MediaFoundation: 216162199b28c13a410421893ffa2e32 -> 
  custom:container-demuxer-ogg: 62fdf1f143b41e24485cea50d1cbac27 -> 
  custom:video-decoder-webm-vp8: 9c59270c3fd7afecdb556c50c9e8de78 -> 
  custom:audio-decoder-ogg-vorbis: bf7c407c2cedff20999df2af8eb42d56 -> 
========================================================================
Received Prepare
Refreshing native plugins compatible for Editor in 14.18 ms, found 9 plugins.
Preloading 0 native plugins for Editor in 0.00 ms.
Unloading 40 Unused Serialized files (Serialized files now loaded: 0)
Unloading 40 unused Assets / (107.6 KB). Loaded Objects now: 5055.
Memory consumption went from 70.9 MB to 70.8 MB.
Total: 8.024700 ms (FindLiveObjects: 0.479900 ms CreateObjectMapping: 0.350000 ms MarkObjects: 7.034100 ms  DeleteObjects: 0.159500 ms)

AssetImportParameters requested are different than current active one (requested -> active):
  custom:video-decoder-ogg-theora: a1e56fd34408186e4bbccfd4996cb3dc -> 
  custom:container-muxer-webm: aa71ff27fc2769a1b78a27578f13a17b -> 
  custom:container-demuxer-webm: 4f35f7cbe854078d1ac9338744f61a02 -> 
  custom:video-encoder-webm-vp8: eb34c28f22e8b96e1ab97ce403110664 -> 
  custom:video-codec-MediaFoundation-h265: 746d11721c4dcdbdad8f713fa42b33f4 -> 
  custom:audio-encoder-webm-vorbis: bf7c407c2cedff20999df2af8eb42d56 -> 
  custom:framework-win-MediaFoundation: 216162199b28c13a410421893ffa2e32 -> 
  custom:container-demuxer-ogg: 62fdf1f143b41e24485cea50d1cbac27 -> 
  custom:video-decoder-webm-vp8: 9c59270c3fd7afecdb556c50c9e8de78 -> 
  custom:audio-decoder-ogg-vorbis: bf7c407c2cedff20999df2af8eb42d56 -> 
========================================================================
Received Import Request.
  Time since last request: 546.449367 seconds.
  path: Assets/HistoryPrefabs/HistoryPointCube1.prefab
  artifactKey: Guid(4a238e9baf6a7a74db577c28f7ad1dbb) Importer(815301076,1909f56bfc062723c751e8b465ee728b)
Start importing Assets/HistoryPrefabs/HistoryPointCube1.prefab using Guid(4a238e9baf6a7a74db577c28f7ad1dbb) Importer(815301076,1909f56bfc062723c751e8b465ee728b)  -> (artifact id: 'f66cf510725b5e7445dd33e32c9b43dc') in 0.259227 seconds 
========================================================================
Received Import Request.
  Time since last request: 11.294058 seconds.
  path: Assets/HistoryPrefabs/HistoryPointCube2.prefab
  artifactKey: Guid(f6ff6af43a8303f46814ac894e56cf48) Importer(815301076,1909f56bfc062723c751e8b465ee728b)
Start importing Assets/HistoryPrefabs/HistoryPointCube2.prefab using Guid(f6ff6af43a8303f46814ac894e56cf48) Importer(815301076,1909f56bfc062723c751e8b465ee728b)  -> (artifact id: 'bccf2975b018c333d1d578753adefe9d') in 0.146486 seconds 
========================================================================
Received Import Request.
  Time since last request: 8.867956 seconds.
  path: Assets/HistoryPrefabs/HistoryPointCube3.prefab
  artifactKey: Guid(c0e76dccf731a0c4b857028adf8e0d1f) Importer(815301076,1909f56bfc062723c751e8b465ee728b)
Start importing Assets/HistoryPrefabs/HistoryPointCube3.prefab using Guid(c0e76dccf731a0c4b857028adf8e0d1f) Importer(815301076,1909f56bfc062723c751e8b465ee728b)  -> (artifact id: '113a01b683e5caaebc91f20da1c615f1') in 0.119583 seconds 
========================================================================
Received Import Request.
  Time since last request: 7.385596 seconds.
  path: Assets/HistoryPrefabs/HistoryPointCube4.prefab
  artifactKey: Guid(3bb254af247f79e4db648d2b0ac1b1fb) Importer(815301076,1909f56bfc062723c751e8b465ee728b)
Start importing Assets/HistoryPrefabs/HistoryPointCube4.prefab using Guid(3bb254af247f79e4db648d2b0ac1b1fb) Importer(815301076,1909f56bfc062723c751e8b465ee728b)  -> (artifact id: 'fe3683d4d0cec762b24a00aebea7e9a2') in 0.113850 seconds 
========================================================================
Received Prepare
Refreshing native plugins compatible for Editor in 10.07 ms, found 9 plugins.
Preloading 0 native plugins for Editor in 0.00 ms.
Unloading 40 Unused Serialized files (Serialized files now loaded: 0)
Unloading 40 unused Assets / (107.8 KB). Loaded Objects now: 5056.
Memory consumption went from 71.4 MB to 71.3 MB.
Total: 4.834400 ms (FindLiveObjects: 0.374400 ms CreateObjectMapping: 0.265600 ms MarkObjects: 4.085000 ms  DeleteObjects: 0.108500 ms)

AssetImportParameters requested are different than current active one (requested -> active):
  custom:video-decoder-ogg-theora: a1e56fd34408186e4bbccfd4996cb3dc -> 
  custom:container-muxer-webm: aa71ff27fc2769a1b78a27578f13a17b -> 
  custom:container-demuxer-webm: 4f35f7cbe854078d1ac9338744f61a02 -> 
  custom:video-encoder-webm-vp8: eb34c28f22e8b96e1ab97ce403110664 -> 
  custom:video-codec-MediaFoundation-h265: 746d11721c4dcdbdad8f713fa42b33f4 -> 
  custom:audio-encoder-webm-vorbis: bf7c407c2cedff20999df2af8eb42d56 -> 
  custom:framework-win-MediaFoundation: 216162199b28c13a410421893ffa2e32 -> 
  custom:container-demuxer-ogg: 62fdf1f143b41e24485cea50d1cbac27 -> 
  custom:video-decoder-webm-vp8: 9c59270c3fd7afecdb556c50c9e8de78 -> 
  custom:audio-decoder-ogg-vorbis: bf7c407c2cedff20999df2af8eb42d56 -> 
